<?xml version="1.0" encoding="UTF-8" ?>
<testsuite tests="19" failures="4" name="TestSuite" time="1.923" errors="0" skipped="14">
  <properties>
[...]
</properties>
  <testcase classname="pages.LoginTest" name="testAddItemToBasket" time="0.004">
    <failure message="Cannot invoke &quot;org.openqa.selenium.WebDriver.findElement(org.openqa.selenium.By)&quot; because &quot;this.driver&quot; is null" type="java.lang.NullPointerException">java.lang.NullPointerException: Cannot invoke &quot;org.openqa.selenium.WebDriver.findElement(org.openqa.selenium.By)&quot; because &quot;this.driver&quot; is null
	at pages.LoginPage.login(LoginPage.java:23)
	at pages.LoginTest.testAddItemToBasket(LoginTest.java:43)
</failure>
    <system-out>Configuring TestNG with: org.apache.maven.surefire.testng.conf.TestNG652Configurator@96532d6
</system-out>
    <system-err>SLF4J: Failed to load class &quot;org.slf4j.impl.StaticLoggerBinder&quot;.
SLF4J: Defaulting to no-operation (NOP) logger implementation
SLF4J: See http://www.slf4j.org/codes.html#StaticLoggerBinder for further details.
1728325635690	geckodriver	INFO	Listening on 127.0.0.1:58934
1728325635786	mozrunner::runner	INFO	Running command: MOZ_CRASHREPORTER=&quot;1&quot; MOZ_CRASHREPORTER_NO_REPORT=&quot;1&quot; MOZ_CRASHREPORTER_SHUTDOWN=&quot;1&quot; MOZ_NO_REMOTE=&quot;1&quot; &quot;/App ... /[::1]:58629/&quot; &quot;-foreground&quot; &quot;-no-remote&quot; &quot;-profile&quot; &quot;/var/folders/rr/z6zgs7vn4cx2snjj95qg72rh0000gn/T/rust_mozprofileZvqA5M&quot;
console.warn: services.settings: Ignoring preference override of remote settings server
console.warn: services.settings: Allow by setting MOZ_REMOTE_SETTINGS_DEVTOOLS=1 in the environment
1728325636344	Marionette	INFO	Marionette enabled
console.error: &quot;Warning: unrecognized command line flag&quot; &quot;-remote-allow-hosts&quot;
console.error: &quot;Warning: unrecognized command line flag&quot; &quot;-remote-allow-origins&quot;
1728325636589	Marionette	INFO	Listening on port 55372
WebDriver BiDi listening on ws://127.0.0.1:58629
1728325636679	RemoteAgent	WARN	TLS certificate errors will be ignored for this session
UNSUPPORTED (log once): POSSIBLE ISSUE: unit 1 GLD_TEXTURE_INDEX_2D is unloadable and bound to sampler type (Float) - using zero texture because texture unloadable
Oct 07, 2024 7:27:17 PM org.openqa.selenium.remote.ProtocolHandshake createSession
INFO: Detected upstream dialect: W3C
</system-err>
  </testcase>
  <testcase classname="pages.LoginTest" name="tearDown" time="0.005">
    <failure message="Cannot invoke &quot;org.openqa.selenium.WebDriver.quit()&quot; because &quot;this.driver&quot; is null" type="java.lang.NullPointerException">java.lang.NullPointerException: Cannot invoke &quot;org.openqa.selenium.WebDriver.quit()&quot; because &quot;this.driver&quot; is null
	at pages.LoginTest.tearDown(LoginTest.java:70)
</failure>
  </testcase>
  <testcase classname="pages.LoginTest" name="setup" time="0.005">
    <skipped/>
  </testcase>
  <testcase classname="pages.LoginTest" name="testValidLogin" time="0">
    <skipped/>
  </testcase>
  <testcase classname="pages.LoginTest" name="tearDown" time="0">
    <skipped/>
  </testcase>
  <testcase classname="pages.CataloguePageTest" name="testAddToBasket" time="0.121"/>
  <testcase classname="pages.CataloguePageTest" name="testBasketPageNavigation" time="0.005">
    <failure message="Cannot invoke &quot;org.openqa.selenium.WebDriver.findElement(org.openqa.selenium.By)&quot; because &quot;this.driver&quot; is null" type="java.lang.NullPointerException">java.lang.NullPointerException: Cannot invoke &quot;org.openqa.selenium.WebDriver.findElement(org.openqa.selenium.By)&quot; because &quot;this.driver&quot; is null
	at pages.CataloguePageTest.testBasketPageNavigation(CataloguePageTest.java:56)
</failure>
    <system-err>1728325640448	geckodriver	INFO	Listening on 127.0.0.1:64275
1728325640466	mozrunner::runner	INFO	Running command: MOZ_CRASHREPORTER=&quot;1&quot; MOZ_CRASHREPORTER_NO_REPORT=&quot;1&quot; MOZ_CRASHREPORTER_SHUTDOWN=&quot;1&quot; MOZ_NO_REMOTE=&quot;1&quot; &quot;/App ... /[::1]:49231/&quot; &quot;-foreground&quot; &quot;-no-remote&quot; &quot;-profile&quot; &quot;/var/folders/rr/z6zgs7vn4cx2snjj95qg72rh0000gn/T/rust_mozprofilewjNkYT&quot;
console.warn: services.settings: Ignoring preference override of remote settings server
console.warn: services.settings: Allow by setting MOZ_REMOTE_SETTINGS_DEVTOOLS=1 in the environment
1728325640704	Marionette	INFO	Marionette enabled
console.error: &quot;Warning: unrecognized command line flag&quot; &quot;-remote-allow-hosts&quot;
console.error: &quot;Warning: unrecognized command line flag&quot; &quot;-remote-allow-origins&quot;
1728325640895	Marionette	INFO	Listening on port 55527
WebDriver BiDi listening on ws://127.0.0.1:49231
1728325640985	RemoteAgent	WARN	TLS certificate errors will be ignored for this session
UNSUPPORTED (log once): POSSIBLE ISSUE: unit 1 GLD_TEXTURE_INDEX_2D is unloadable and bound to sampler type (Float) - using zero texture because texture unloadable
Oct 07, 2024 7:27:21 PM org.openqa.selenium.remote.ProtocolHandshake createSession
INFO: Detected upstream dialect: W3C
console.warn: LoginRecipes: &quot;Falling back to a synchronous message for: http://localhost:5106.&quot;
console.warn: LoginRecipes: &quot;Falling back to a synchronous message for: http://localhost:5106.&quot;
</system-err>
  </testcase>
  <testcase classname="pages.CataloguePageTest" name="setup" time="1.781">
    <failure message="[Exception... &quot;Failure&quot;  nsresult: &quot;0x80004005 (NS_ERROR_FAILURE)&quot;  location: &quot;JS frame :: chrome://remote/content/marionette/browser.sys.mjs :: get rect :: line 140&quot;  data: no]
Build info: version: &apos;4.5.0&apos;, revision: &apos;fe167b119a&apos;
System info: os.name: &apos;Mac OS X&apos;, os.arch: &apos;aarch64&apos;, os.version: &apos;14.5&apos;, java.version: &apos;18.0.1&apos;
Driver info: org.openqa.selenium.firefox.FirefoxDriver
Command: [004d89f0-df91-487a-81e4-2143d714f8b3, maximizeCurrentWindow {}]
Capabilities {acceptInsecureCerts: true, browserName: firefox, browserVersion: 131.0, moz:accessibilityChecks: false, moz:buildID: 20240923135042, moz:geckodriverVersion: 0.35.0, moz:headless: false, moz:platformVersion: 23.5.0, moz:processID: 7700, moz:profile: /var/folders/rr/z6zgs7vn4cx..., moz:shutdownTimeout: 60000, moz:webdriverClick: true, moz:windowless: false, pageLoadStrategy: normal, platformName: MAC, proxy: Proxy(), setWindowRect: true, strictFileInteractability: false, timeouts: {implicit: 0, pageLoad: 300000, script: 30000}, unhandledPromptBehavior: dismiss and notify, userAgent: Mozilla/5.0 (Macintosh; Int...}
Session ID: 004d89f0-df91-487a-81e4-2143d714f8b3" type="org.openqa.selenium.WebDriverException">org.openqa.selenium.WebDriverException: [Exception... &quot;Failure&quot;  nsresult: &quot;0x80004005 (NS_ERROR_FAILURE)&quot;  location: &quot;JS frame :: chrome://remote/content/marionette/browser.sys.mjs :: get rect :: line 140&quot;  data: no]
Build info: version: &apos;4.5.0&apos;, revision: &apos;fe167b119a&apos;
System info: os.name: &apos;Mac OS X&apos;, os.arch: &apos;aarch64&apos;, os.version: &apos;14.5&apos;, java.version: &apos;18.0.1&apos;
Driver info: org.openqa.selenium.firefox.FirefoxDriver
Command: [004d89f0-df91-487a-81e4-2143d714f8b3, maximizeCurrentWindow {}]
Capabilities {acceptInsecureCerts: true, browserName: firefox, browserVersion: 131.0, moz:accessibilityChecks: false, moz:buildID: 20240923135042, moz:geckodriverVersion: 0.35.0, moz:headless: false, moz:platformVersion: 23.5.0, moz:processID: 7700, moz:profile: /var/folders/rr/z6zgs7vn4cx..., moz:shutdownTimeout: 60000, moz:webdriverClick: true, moz:windowless: false, pageLoadStrategy: normal, platformName: MAC, proxy: Proxy(), setWindowRect: true, strictFileInteractability: false, timeouts: {implicit: 0, pageLoad: 300000, script: 30000}, unhandledPromptBehavior: dismiss and notify, userAgent: Mozilla/5.0 (Macintosh; Int...}
Session ID: 004d89f0-df91-487a-81e4-2143d714f8b3
	at java.base/jdk.internal.reflect.DirectConstructorHandleAccessor.newInstance(DirectConstructorHandleAccessor.java:67)
	at java.base/java.lang.reflect.Constructor.newInstanceWithCaller(Constructor.java:499)
	at java.base/java.lang.reflect.Constructor.newInstance(Constructor.java:483)
	at org.openqa.selenium.remote.codec.w3c.W3CHttpResponseCodec.createException(W3CHttpResponseCodec.java:200)
	at org.openqa.selenium.remote.codec.w3c.W3CHttpResponseCodec.decode(W3CHttpResponseCodec.java:133)
	at org.openqa.selenium.remote.codec.w3c.W3CHttpResponseCodec.decode(W3CHttpResponseCodec.java:53)
	at org.openqa.selenium.remote.HttpCommandExecutor.execute(HttpCommandExecutor.java:184)
	at org.openqa.selenium.remote.service.DriverCommandExecutor.invokeExecute(DriverCommandExecutor.java:167)
	at org.openqa.selenium.remote.service.DriverCommandExecutor.execute(DriverCommandExecutor.java:142)
	at org.openqa.selenium.remote.RemoteWebDriver.execute(RemoteWebDriver.java:547)
	at org.openqa.selenium.remote.RemoteWebDriver.execute(RemoteWebDriver.java:602)
	at org.openqa.selenium.remote.RemoteWebDriver.execute(RemoteWebDriver.java:606)
	at org.openqa.selenium.remote.RemoteWebDriver$RemoteWebDriverOptions$RemoteWindow.maximize(RemoteWebDriver.java:958)
	at pages.CataloguePageTest.setup(CataloguePageTest.java:26)
</failure>
    <system-err>1728325642521	geckodriver	INFO	Listening on 127.0.0.1:53338
1728325642533	mozrunner::runner	INFO	Running command: MOZ_CRASHREPORTER=&quot;1&quot; MOZ_CRASHREPORTER_NO_REPORT=&quot;1&quot; MOZ_CRASHREPORTER_SHUTDOWN=&quot;1&quot; MOZ_NO_REMOTE=&quot;1&quot; &quot;/App ... /[::1]:49333/&quot; &quot;-foreground&quot; &quot;-no-remote&quot; &quot;-profile&quot; &quot;/var/folders/rr/z6zgs7vn4cx2snjj95qg72rh0000gn/T/rust_mozprofilepJXEUZ&quot;
console.warn: services.settings: Ignoring preference override of remote settings server
console.warn: services.settings: Allow by setting MOZ_REMOTE_SETTINGS_DEVTOOLS=1 in the environment
1728325642736	Marionette	INFO	Marionette enabled
console.error: &quot;Warning: unrecognized command line flag&quot; &quot;-remote-allow-hosts&quot;
console.error: &quot;Warning: unrecognized command line flag&quot; &quot;-remote-allow-origins&quot;
1728325642971	Marionette	INFO	Listening on port 55611
WebDriver BiDi listening on ws://127.0.0.1:49333
1728325643054	RemoteAgent	WARN	TLS certificate errors will be ignored for this session
JavaScript error: resource:///modules/sessionstore/SessionStore.sys.mjs, line 3586: TypeError: this._windows[aWindow.__SSi] is undefined
UNSUPPORTED (log once): POSSIBLE ISSUE: unit 1 GLD_TEXTURE_INDEX_2D is unloadable and bound to sampler type (Float) - using zero texture because texture unloadable
Oct 07, 2024 7:27:23 PM org.openqa.selenium.remote.ProtocolHandshake createSession
INFO: Detected upstream dialect: W3C
JavaScript error: resource:///modules/sessionstore/SessionStore.sys.mjs, line 3586: TypeError: this._windows[aWindow.__SSi] is undefined
Marionette threw an error: [Exception... &quot;Failure&quot;  nsresult: &quot;0x80004005 (NS_ERROR_FAILURE)&quot;  location: &quot;JS frame :: chrome://remote/content/marionette/browser.sys.mjs :: get rect :: line 140&quot;  data: no]
get rect@chrome://remote/content/marionette/browser.sys.mjs:140:7
GeckoDriver.prototype.maximizeWindow@chrome://remote/content/marionette/driver.sys.mjs:2748:3

console.error: &quot;Marionette threw an error: [Exception... \&quot;Failure\&quot;  nsresult: \&quot;0x80004005 (NS_ERROR_FAILURE)\&quot;  location: \&quot;JS frame :: chrome://remote/content/marionette/browser.sys.mjs :: get rect :: line 140\&quot;  data: no]\nget rect@chrome://remote/content/marionette/browser.sys.mjs:140:7\nGeckoDriver.prototype.maximizeWindow@chrome://remote/content/marionette/driver.sys.mjs:2748:3\n&quot;
</system-err>
  </testcase>
  <testcase classname="pages.CataloguePageTest" name="testLogOut" time="0">
    <skipped/>
  </testcase>
  <testcase classname="pages.CataloguePageTest" name="tearDown" time="0">
    <skipped/>
  </testcase>
  <testcase classname="pages.CataloguePageTest" name="setup" time="0">
    <skipped/>
  </testcase>
  <testcase classname="pages.CataloguePageTest" name="testNavigateToNextPage" time="0">
    <skipped/>
  </testcase>
  <testcase classname="pages.CataloguePageTest" name="tearDown" time="0">
    <skipped/>
  </testcase>
  <testcase classname="pages.CataloguePageTest" name="setup" time="0">
    <skipped/>
  </testcase>
  <testcase classname="pages.CataloguePageTest" name="verifyProductFiltering" time="0">
    <skipped/>
  </testcase>
  <testcase classname="pages.CataloguePageTest" name="tearDown" time="0.001">
    <skipped/>
  </testcase>
  <testcase classname="pages.CataloguePageTest" name="setup" time="0.001">
    <skipped/>
  </testcase>
  <testcase classname="pages.CataloguePageTest" name="verifyProductFilteringg" time="0">
    <skipped/>
  </testcase>
  <testcase classname="pages.CataloguePageTest" name="tearDown" time="0">
    <skipped/>
  </testcase>
</testsuite>